

Started GET "/" for 127.0.0.1 at 2014-08-22 00:07:16 +0530
Processing by Rails::WelcomeController#index as HTML
  Rendered c:/Ruby200-x64/lib/ruby/gems/2.0.0/gems/railties-4.1.5/lib/rails/templates/rails/welcome/index.html.erb (8.0ms)
Completed 200 OK in 108ms (Views: 78.0ms | ActiveRecord: 0.0ms)


Started GET "/bookmarks/index" for 127.0.0.1 at 2014-08-22 00:22:14 +0530
Processing by BookmarksController#index as HTML
  Rendered bookmarks/index.html.erb within layouts/application (5.0ms)
Completed 200 OK in 6945ms (Views: 6918.4ms | ActiveRecord: 0.0ms)


Started GET "/assets/bookmarks.css?body=1" for 127.0.0.1 at 2014-08-22 00:22:22 +0530


Started GET "/assets/application.css?body=1" for 127.0.0.1 at 2014-08-22 00:22:22 +0530


Started GET "/assets/bookmarks.js?body=1" for 127.0.0.1 at 2014-08-22 00:22:22 +0530


Started GET "/bookmarks/index" for 127.0.0.1 at 2014-08-22 00:26:25 +0530
Processing by BookmarksController#index as HTML
  Rendered bookmarks/index.html.erb within layouts/application (6.0ms)
Completed 200 OK in 192ms (Views: 164.0ms | ActiveRecord: 0.0ms)


Started GET "/assets/jquery_ujs.js?body=1" for 127.0.0.1 at 2014-08-22 00:26:26 +0530


Started GET "/assets/turbolinks.js?body=1" for 127.0.0.1 at 2014-08-22 00:26:26 +0530


Started GET "/assets/application.css?body=1" for 127.0.0.1 at 2014-08-22 00:26:26 +0530


Started GET "/assets/bookmarks.css?body=1" for 127.0.0.1 at 2014-08-22 00:26:26 +0530


Started GET "/assets/bookmarks.js?body=1" for 127.0.0.1 at 2014-08-22 00:26:26 +0530


Started GET "/assets/jquery.js?body=1" for 127.0.0.1 at 2014-08-22 00:26:26 +0530


Started GET "/assets/application.js?body=1" for 127.0.0.1 at 2014-08-22 00:26:26 +0530


Started GET "/assets/bookmarks.css?body=1" for 127.0.0.1 at 2014-08-22 00:26:38 +0530


Started GET "/assets/application.css?body=1" for 127.0.0.1 at 2014-08-22 00:26:38 +0530


Started GET "/bookmarks/index" for 127.0.0.1 at 2014-08-22 00:26:38 +0530
Processing by BookmarksController#index as */*
  Rendered bookmarks/index.html.erb within layouts/application (1.0ms)
Completed 200 OK in 47ms (Views: 45.0ms | ActiveRecord: 0.0ms)


Started GET "/assets/bookmarks.css?body=1" for 127.0.0.1 at 2014-08-22 00:26:38 +0530


Started GET "/assets/application.css?body=1" for 127.0.0.1 at 2014-08-22 00:26:38 +0530


Started GET "/bookmarks/index" for 127.0.0.1 at 2014-08-22 00:27:20 +0530
Processing by BookmarksController#index as HTML
  Rendered bookmarks/index.html.erb within layouts/application (1.0ms)
Completed 200 OK in 25ms (Views: 24.0ms | ActiveRecord: 0.0ms)


Started GET "/assets/application.css?body=1" for 127.0.0.1 at 2014-08-22 00:27:21 +0530


Started GET "/assets/bookmarks.js?body=1" for 127.0.0.1 at 2014-08-22 00:27:21 +0530


Started GET "/assets/turbolinks.js?body=1" for 127.0.0.1 at 2014-08-22 00:27:21 +0530


Started GET "/assets/bookmarks.css?body=1" for 127.0.0.1 at 2014-08-22 00:27:21 +0530


Started GET "/assets/jquery.js?body=1" for 127.0.0.1 at 2014-08-22 00:27:21 +0530


Started GET "/assets/jquery_ujs.js?body=1" for 127.0.0.1 at 2014-08-22 00:27:21 +0530


Started GET "/assets/application.js?body=1" for 127.0.0.1 at 2014-08-22 00:27:21 +0530


Started GET "/bookmarks/index" for 127.0.0.1 at 2014-08-22 00:30:51 +0530
Processing by BookmarksController#index as HTML
  Rendered bookmarks/index.html.erb within layouts/application (1.0ms)
Completed 200 OK in 30ms (Views: 28.0ms | ActiveRecord: 0.0ms)


Started GET "/assets/bookmarks.css?body=1" for 127.0.0.1 at 2014-08-22 00:30:52 +0530


Started GET "/assets/application.css?body=1" for 127.0.0.1 at 2014-08-22 00:30:52 +0530


Started GET "/assets/bookmarks.js?body=1" for 127.0.0.1 at 2014-08-22 00:30:52 +0530


Started GET "/assets/jquery.js?body=1" for 127.0.0.1 at 2014-08-22 00:30:52 +0530


Started GET "/assets/jquery_ujs.js?body=1" for 127.0.0.1 at 2014-08-22 00:30:52 +0530


Started GET "/assets/turbolinks.js?body=1" for 127.0.0.1 at 2014-08-22 00:30:52 +0530


Started GET "/assets/application.js?body=1" for 127.0.0.1 at 2014-08-22 00:30:52 +0530


Started GET "/bookmarks/google.com" for 127.0.0.1 at 2014-08-22 00:30:54 +0530

ActionController::RoutingError (No route matches [GET] "/bookmarks/google.com"):
  actionpack (4.1.5) lib/action_dispatch/middleware/debug_exceptions.rb:21:in `call'
  actionpack (4.1.5) lib/action_dispatch/middleware/show_exceptions.rb:30:in `call'
  railties (4.1.5) lib/rails/rack/logger.rb:38:in `call_app'
  railties (4.1.5) lib/rails/rack/logger.rb:20:in `block in call'
  activesupport (4.1.5) lib/active_support/tagged_logging.rb:68:in `block in tagged'
  activesupport (4.1.5) lib/active_support/tagged_logging.rb:26:in `tagged'
  activesupport (4.1.5) lib/active_support/tagged_logging.rb:68:in `tagged'
  railties (4.1.5) lib/rails/rack/logger.rb:20:in `call'
  actionpack (4.1.5) lib/action_dispatch/middleware/request_id.rb:21:in `call'
  rack (1.5.2) lib/rack/methodoverride.rb:21:in `call'
  rack (1.5.2) lib/rack/runtime.rb:17:in `call'
  activesupport (4.1.5) lib/active_support/cache/strategy/local_cache_middleware.rb:26:in `call'
  rack (1.5.2) lib/rack/lock.rb:17:in `call'
  actionpack (4.1.5) lib/action_dispatch/middleware/static.rb:64:in `call'
  rack (1.5.2) lib/rack/sendfile.rb:112:in `call'
  railties (4.1.5) lib/rails/engine.rb:514:in `call'
  railties (4.1.5) lib/rails/application.rb:144:in `call'
  rack (1.5.2) lib/rack/lock.rb:17:in `call'
  rack (1.5.2) lib/rack/content_length.rb:14:in `call'
  rack (1.5.2) lib/rack/handler/webrick.rb:60:in `service'
  c:/Ruby200-x64/lib/ruby/2.0.0/webrick/httpserver.rb:138:in `service'
  c:/Ruby200-x64/lib/ruby/2.0.0/webrick/httpserver.rb:94:in `run'
  c:/Ruby200-x64/lib/ruby/2.0.0/webrick/server.rb:295:in `block in start_thread'


  Rendered c:/Ruby200-x64/lib/ruby/gems/2.0.0/gems/actionpack-4.1.5/lib/action_dispatch/middleware/templates/rescues/_trace.html.erb (3.0ms)
  Rendered c:/Ruby200-x64/lib/ruby/gems/2.0.0/gems/actionpack-4.1.5/lib/action_dispatch/middleware/templates/routes/_route.html.erb (3.0ms)
  Rendered c:/Ruby200-x64/lib/ruby/gems/2.0.0/gems/actionpack-4.1.5/lib/action_dispatch/middleware/templates/routes/_table.html.erb (32.0ms)
  Rendered c:/Ruby200-x64/lib/ruby/gems/2.0.0/gems/actionpack-4.1.5/lib/action_dispatch/middleware/templates/rescues/routing_error.html.erb within rescues/layout (174.0ms)


Started GET "/bookmarks/index" for 127.0.0.1 at 2014-08-22 00:31:13 +0530
Processing by BookmarksController#index as HTML
  Rendered bookmarks/index.html.erb within layouts/application (1.0ms)
Completed 200 OK in 27ms (Views: 23.0ms | ActiveRecord: 0.0ms)


Started GET "/assets/application.css?body=1" for 127.0.0.1 at 2014-08-22 00:31:13 +0530


Started GET "/assets/turbolinks.js?body=1" for 127.0.0.1 at 2014-08-22 00:31:14 +0530


Started GET "/assets/jquery.js?body=1" for 127.0.0.1 at 2014-08-22 00:31:14 +0530


Started GET "/assets/bookmarks.css?body=1" for 127.0.0.1 at 2014-08-22 00:31:14 +0530


Started GET "/assets/bookmarks.js?body=1" for 127.0.0.1 at 2014-08-22 00:31:14 +0530


Started GET "/assets/jquery_ujs.js?body=1" for 127.0.0.1 at 2014-08-22 00:31:14 +0530


Started GET "/assets/application.js?body=1" for 127.0.0.1 at 2014-08-22 00:31:14 +0530
  [1m[36m (6.0ms)[0m  [1mCREATE TABLE "schema_migrations" ("version" varchar(255) NOT NULL) [0m
  [1m[35m (0.0ms)[0m  select sqlite_version(*)
  [1m[36m (4.0ms)[0m  [1mCREATE UNIQUE INDEX "unique_schema_migrations" ON "schema_migrations" ("version")[0m
  [1m[35mActiveRecord::SchemaMigration Load (1.0ms)[0m  SELECT "schema_migrations".* FROM "schema_migrations"
Migrating to CreateBookmarks (20140821190622)
  [1m[36m (0.0ms)[0m  [1mbegin transaction[0m
  [1m[35m (2.0ms)[0m  CREATE TABLE "bookmarks" ("id" INTEGER PRIMARY KEY AUTOINCREMENT NOT NULL, "bookmarkName" varchar(255), "link" varchar(255), "created_at" datetime, "updated_at" datetime) 
  [1m[36mSQL (0.0ms)[0m  [1mINSERT INTO "schema_migrations" ("version") VALUES (?)[0m  [["version", "20140821190622"]]
  [1m[35m (3.0ms)[0m  commit transaction
  [1m[36mActiveRecord::SchemaMigration Load (0.0ms)[0m  [1mSELECT "schema_migrations".* FROM "schema_migrations"[0m
  [1m[36mActiveRecord::SchemaMigration Load (1.0ms)[0m  [1mSELECT "schema_migrations".* FROM "schema_migrations"[0m
  [1m[35mActiveRecord::SchemaMigration Load (0.0ms)[0m  SELECT "schema_migrations".* FROM "schema_migrations"
Migrating to CreateBookmarks (20140821190622)
  [1m[36m (0.0ms)[0m  [1mbegin transaction[0m
  [1m[35m (2.0ms)[0m  DROP TABLE "bookmarks"
  [1m[36mSQL (0.0ms)[0m  [1mDELETE FROM "schema_migrations" WHERE "schema_migrations"."version" = '20140821190622'[0m
  [1m[35m (4.0ms)[0m  commit transaction
  [1m[36mActiveRecord::SchemaMigration Load (1.0ms)[0m  [1mSELECT "schema_migrations".* FROM "schema_migrations"[0m
  [1m[36mActiveRecord::SchemaMigration Load (0.0ms)[0m  [1mSELECT "schema_migrations".* FROM "schema_migrations"[0m
Migrating to CreateBookmarks (20140821191928)
  [1m[35m (1.0ms)[0m  begin transaction
  [1m[36m (1.0ms)[0m  [1mCREATE TABLE "bookmarks" ("id" INTEGER PRIMARY KEY AUTOINCREMENT NOT NULL, "bookmarkName" varchar(255), "created_at" datetime, "updated_at" datetime) [0m
  [1m[35mSQL (1.0ms)[0m  INSERT INTO "schema_migrations" ("version") VALUES (?)  [["version", "20140821191928"]]
  [1m[36m (3.0ms)[0m  [1mcommit transaction[0m
  [1m[35mActiveRecord::SchemaMigration Load (1.0ms)[0m  SELECT "schema_migrations".* FROM "schema_migrations"
  [1m[36mBookmark Load (5.0ms)[0m  [1mSELECT "bookmarks".* FROM "bookmarks"[0m
  [1m[35m (0.0ms)[0m  begin transaction
  [1m[36mSQL (2.0ms)[0m  [1mINSERT INTO "bookmarks" ("bookmarkName", "created_at", "updated_at") VALUES (?, ?, ?)[0m  [["bookmarkName", "pega.com"], ["created_at", "2014-08-21 19:23:37.834966"], ["updated_at", "2014-08-21 19:23:37.834966"]]
  [1m[35m (3.0ms)[0m  commit transaction
  [1m[36mBookmark Load (0.0ms)[0m  [1mSELECT "bookmarks".* FROM "bookmarks"[0m
  [1m[35m (0.0ms)[0m  begin transaction
  [1m[36mSQL (2.0ms)[0m  [1mINSERT INTO "bookmarks" ("bookmarkName", "created_at", "updated_at") VALUES (?, ?, ?)[0m  [["bookmarkName", "yahoo.com"], ["created_at", "2014-08-21 19:25:19.504781"], ["updated_at", "2014-08-21 19:25:19.504781"]]
  [1m[35m (10.0ms)[0m  commit transaction
  [1m[36mBookmark Load (1.0ms)[0m  [1mSELECT "bookmarks".* FROM "bookmarks"[0m
  [1m[35mBookmark Load (0.0ms)[0m  SELECT  "bookmarks".* FROM "bookmarks"   ORDER BY "bookmarks"."id" ASC LIMIT 1
  [1m[36mBookmark Load (0.0ms)[0m  [1mSELECT  "bookmarks".* FROM "bookmarks"   ORDER BY "bookmarks"."id" DESC LIMIT 1[0m


Started GET "/bookmarks/index" for 127.0.0.1 at 2014-08-22 01:00:09 +0530
  [1m[36mActiveRecord::SchemaMigration Load (1.0ms)[0m  [1mSELECT "schema_migrations".* FROM "schema_migrations"[0m
Processing by BookmarksController#index as HTML
Completed 500 Internal Server Error in 33ms

NoMethodError (undefined method `All' for #<Class:0x00000005c527b8>):
  app/controllers/bookmarks_controller.rb:3:in `index'


  Rendered c:/Ruby200-x64/lib/ruby/gems/2.0.0/gems/actionpack-4.1.5/lib/action_dispatch/middleware/templates/rescues/_source.erb (1.0ms)
  Rendered c:/Ruby200-x64/lib/ruby/gems/2.0.0/gems/actionpack-4.1.5/lib/action_dispatch/middleware/templates/rescues/_trace.html.erb (3.0ms)
  Rendered c:/Ruby200-x64/lib/ruby/gems/2.0.0/gems/actionpack-4.1.5/lib/action_dispatch/middleware/templates/rescues/_request_and_response.html.erb (3.0ms)
  Rendered c:/Ruby200-x64/lib/ruby/gems/2.0.0/gems/actionpack-4.1.5/lib/action_dispatch/middleware/templates/rescues/diagnostics.erb within rescues/layout (206.0ms)


Started GET "/bookmarks/index" for 127.0.0.1 at 2014-08-22 01:00:41 +0530
Processing by BookmarksController#index as HTML
  Rendered bookmarks/index.html.erb within layouts/application (2.0ms)
Completed 500 Internal Server Error in 21ms

SyntaxError (c:/Sites/HomePage/app/views/bookmarks/index.html.erb:6: syntax error, unexpected keyword_ensure, expecting keyword_end
c:/Sites/HomePage/app/views/bookmarks/index.html.erb:8: syntax error, unexpected end-of-input, expecting keyword_end):
  app/views/bookmarks/index.html.erb:6: syntax error, unexpected keyword_ensure, expecting keyword_end
  app/views/bookmarks/index.html.erb:8: syntax error, unexpected end-of-input, expecting keyword_end


  Rendered c:/Ruby200-x64/lib/ruby/gems/2.0.0/gems/actionpack-4.1.5/lib/action_dispatch/middleware/templates/rescues/_source.erb (1.0ms)
  Rendered c:/Ruby200-x64/lib/ruby/gems/2.0.0/gems/actionpack-4.1.5/lib/action_dispatch/middleware/templates/rescues/_trace.html.erb (3.0ms)
  Rendered c:/Ruby200-x64/lib/ruby/gems/2.0.0/gems/actionpack-4.1.5/lib/action_dispatch/middleware/templates/rescues/_request_and_response.html.erb (2.0ms)
  Rendered c:/Ruby200-x64/lib/ruby/gems/2.0.0/gems/actionpack-4.1.5/lib/action_dispatch/middleware/templates/rescues/diagnostics.erb within rescues/layout (126.0ms)


Started GET "/bookmarks/index" for 127.0.0.1 at 2014-08-22 01:01:07 +0530
Processing by BookmarksController#index as HTML
  Rendered bookmarks/index.html.erb within layouts/application (1.0ms)
Completed 500 Internal Server Error in 14ms

SyntaxError (c:/Sites/HomePage/app/views/bookmarks/index.html.erb:6: syntax error, unexpected keyword_ensure, expecting keyword_end
c:/Sites/HomePage/app/views/bookmarks/index.html.erb:8: syntax error, unexpected end-of-input, expecting keyword_end):
  app/views/bookmarks/index.html.erb:6: syntax error, unexpected keyword_ensure, expecting keyword_end
  app/views/bookmarks/index.html.erb:8: syntax error, unexpected end-of-input, expecting keyword_end


  Rendered c:/Ruby200-x64/lib/ruby/gems/2.0.0/gems/actionpack-4.1.5/lib/action_dispatch/middleware/templates/rescues/_source.erb (1.0ms)
  Rendered c:/Ruby200-x64/lib/ruby/gems/2.0.0/gems/actionpack-4.1.5/lib/action_dispatch/middleware/templates/rescues/_trace.html.erb (2.0ms)
  Rendered c:/Ruby200-x64/lib/ruby/gems/2.0.0/gems/actionpack-4.1.5/lib/action_dispatch/middleware/templates/rescues/_request_and_response.html.erb (2.0ms)
  Rendered c:/Ruby200-x64/lib/ruby/gems/2.0.0/gems/actionpack-4.1.5/lib/action_dispatch/middleware/templates/rescues/diagnostics.erb within rescues/layout (127.0ms)


Started GET "/bookmarks/index" for 127.0.0.1 at 2014-08-22 01:02:43 +0530
Processing by BookmarksController#index as HTML
  Rendered bookmarks/index.html.erb within layouts/application (2.0ms)
Completed 500 Internal Server Error in 18ms

SyntaxError (c:/Sites/HomePage/app/views/bookmarks/index.html.erb:6: syntax error, unexpected keyword_ensure, expecting keyword_end
c:/Sites/HomePage/app/views/bookmarks/index.html.erb:8: syntax error, unexpected end-of-input, expecting keyword_end):
  app/views/bookmarks/index.html.erb:6: syntax error, unexpected keyword_ensure, expecting keyword_end
  app/views/bookmarks/index.html.erb:8: syntax error, unexpected end-of-input, expecting keyword_end


  Rendered c:/Ruby200-x64/lib/ruby/gems/2.0.0/gems/actionpack-4.1.5/lib/action_dispatch/middleware/templates/rescues/_source.erb (2.0ms)
  Rendered c:/Ruby200-x64/lib/ruby/gems/2.0.0/gems/actionpack-4.1.5/lib/action_dispatch/middleware/templates/rescues/_trace.html.erb (3.0ms)
  Rendered c:/Ruby200-x64/lib/ruby/gems/2.0.0/gems/actionpack-4.1.5/lib/action_dispatch/middleware/templates/rescues/_request_and_response.html.erb (2.0ms)
  Rendered c:/Ruby200-x64/lib/ruby/gems/2.0.0/gems/actionpack-4.1.5/lib/action_dispatch/middleware/templates/rescues/diagnostics.erb within rescues/layout (126.0ms)


Started GET "/bookmarks/index" for 127.0.0.1 at 2014-08-22 01:04:33 +0530
Processing by BookmarksController#index as HTML
  [1m[35mBookmark Load (1.0ms)[0m  SELECT "bookmarks".* FROM "bookmarks"
  Rendered bookmarks/index.html.erb within layouts/application (13.0ms)
Completed 200 OK in 135ms (Views: 130.0ms | ActiveRecord: 3.0ms)


Started GET "/assets/jquery.js?body=1" for 127.0.0.1 at 2014-08-22 01:04:33 +0530


Started GET "/assets/bookmarks.css?body=1" for 127.0.0.1 at 2014-08-22 01:04:34 +0530


Started GET "/assets/application.css?body=1" for 127.0.0.1 at 2014-08-22 01:04:34 +0530


Started GET "/assets/jquery_ujs.js?body=1" for 127.0.0.1 at 2014-08-22 01:04:34 +0530


Started GET "/assets/turbolinks.js?body=1" for 127.0.0.1 at 2014-08-22 01:04:34 +0530


Started GET "/assets/bookmarks.js?body=1" for 127.0.0.1 at 2014-08-22 01:04:34 +0530


Started GET "/assets/application.js?body=1" for 127.0.0.1 at 2014-08-22 01:04:34 +0530


Started GET "/bookmarks/index" for 127.0.0.1 at 2014-08-22 01:09:56 +0530
Processing by BookmarksController#index as HTML
  [1m[36mBookmark Load (1.0ms)[0m  [1mSELECT "bookmarks".* FROM "bookmarks"[0m
  Rendered bookmarks/index.html.erb within layouts/application (4.0ms)
Completed 200 OK in 299ms (Views: 296.0ms | ActiveRecord: 1.0ms)


Started GET "/stylesheets/bootstrap-theme.css.map.css" for 127.0.0.1 at 2014-08-22 01:09:56 +0530

ActionController::RoutingError (No route matches [GET] "/stylesheets/bootstrap-theme.css.map.css"):
  actionpack (4.1.5) lib/action_dispatch/middleware/debug_exceptions.rb:21:in `call'
  actionpack (4.1.5) lib/action_dispatch/middleware/show_exceptions.rb:30:in `call'
  railties (4.1.5) lib/rails/rack/logger.rb:38:in `call_app'
  railties (4.1.5) lib/rails/rack/logger.rb:20:in `block in call'
  activesupport (4.1.5) lib/active_support/tagged_logging.rb:68:in `block in tagged'
  activesupport (4.1.5) lib/active_support/tagged_logging.rb:26:in `tagged'
  activesupport (4.1.5) lib/active_support/tagged_logging.rb:68:in `tagged'
  railties (4.1.5) lib/rails/rack/logger.rb:20:in `call'
  actionpack (4.1.5) lib/action_dispatch/middleware/request_id.rb:21:in `call'
  rack (1.5.2) lib/rack/methodoverride.rb:21:in `call'
  rack (1.5.2) lib/rack/runtime.rb:17:in `call'
  activesupport (4.1.5) lib/active_support/cache/strategy/local_cache_middleware.rb:26:in `call'
  rack (1.5.2) lib/rack/lock.rb:17:in `call'
  actionpack (4.1.5) lib/action_dispatch/middleware/static.rb:64:in `call'
  rack (1.5.2) lib/rack/sendfile.rb:112:in `call'
  railties (4.1.5) lib/rails/engine.rb:514:in `call'
  railties (4.1.5) lib/rails/application.rb:144:in `call'
  rack (1.5.2) lib/rack/lock.rb:17:in `call'
  rack (1.5.2) lib/rack/content_length.rb:14:in `call'
  rack (1.5.2) lib/rack/handler/webrick.rb:60:in `service'
  c:/Ruby200-x64/lib/ruby/2.0.0/webrick/httpserver.rb:138:in `service'
  c:/Ruby200-x64/lib/ruby/2.0.0/webrick/httpserver.rb:94:in `run'
  c:/Ruby200-x64/lib/ruby/2.0.0/webrick/server.rb:295:in `block in start_thread'


  Rendered c:/Ruby200-x64/lib/ruby/gems/2.0.0/gems/actionpack-4.1.5/lib/action_dispatch/middleware/templates/rescues/_trace.html.erb (2.0ms)
  Rendered c:/Ruby200-x64/lib/ruby/gems/2.0.0/gems/actionpack-4.1.5/lib/action_dispatch/middleware/templates/routes/_route.html.erb (1.0ms)
  Rendered c:/Ruby200-x64/lib/ruby/gems/2.0.0/gems/actionpack-4.1.5/lib/action_dispatch/middleware/templates/routes/_table.html.erb (53.0ms)
  Rendered c:/Ruby200-x64/lib/ruby/gems/2.0.0/gems/actionpack-4.1.5/lib/action_dispatch/middleware/templates/rescues/routing_error.html.erb within rescues/layout (165.0ms)


Started GET "/assets/bookmarks.css?body=1" for 127.0.0.1 at 2014-08-22 01:09:57 +0530


Started GET "/assets/bootstrap-theme.css?body=1" for 127.0.0.1 at 2014-08-22 01:09:57 +0530


Started GET "/assets/bootstrap-theme.min.css?body=1" for 127.0.0.1 at 2014-08-22 01:09:57 +0530


Started GET "/assets/bootstrap.css?body=1" for 127.0.0.1 at 2014-08-22 01:09:57 +0530


Started GET "/stylesheets/bootstrap.css.map.css" for 127.0.0.1 at 2014-08-22 01:09:57 +0530

ActionController::RoutingError (No route matches [GET] "/stylesheets/bootstrap.css.map.css"):
  actionpack (4.1.5) lib/action_dispatch/middleware/debug_exceptions.rb:21:in `call'
  actionpack (4.1.5) lib/action_dispatch/middleware/show_exceptions.rb:30:in `call'
  railties (4.1.5) lib/rails/rack/logger.rb:38:in `call_app'
  railties (4.1.5) lib/rails/rack/logger.rb:20:in `block in call'
  activesupport (4.1.5) lib/active_support/tagged_logging.rb:68:in `block in tagged'
  activesupport (4.1.5) lib/active_support/tagged_logging.rb:26:in `tagged'
  activesupport (4.1.5) lib/active_support/tagged_logging.rb:68:in `tagged'
  railties (4.1.5) lib/rails/rack/logger.rb:20:in `call'
  actionpack (4.1.5) lib/action_dispatch/middleware/request_id.rb:21:in `call'
  rack (1.5.2) lib/rack/methodoverride.rb:21:in `call'
  rack (1.5.2) lib/rack/runtime.rb:17:in `call'
  activesupport (4.1.5) lib/active_support/cache/strategy/local_cache_middleware.rb:26:in `call'
  rack (1.5.2) lib/rack/lock.rb:17:in `call'
  actionpack (4.1.5) lib/action_dispatch/middleware/static.rb:64:in `call'
  rack (1.5.2) lib/rack/sendfile.rb:112:in `call'
  railties (4.1.5) lib/rails/engine.rb:514:in `call'
  railties (4.1.5) lib/rails/application.rb:144:in `call'
  rack (1.5.2) lib/rack/lock.rb:17:in `call'
  rack (1.5.2) lib/rack/content_length.rb:14:in `call'
  rack (1.5.2) lib/rack/handler/webrick.rb:60:in `service'
  c:/Ruby200-x64/lib/ruby/2.0.0/webrick/httpserver.rb:138:in `service'
  c:/Ruby200-x64/lib/ruby/2.0.0/webrick/httpserver.rb:94:in `run'
  c:/Ruby200-x64/lib/ruby/2.0.0/webrick/server.rb:295:in `block in start_thread'


  Rendered c:/Ruby200-x64/lib/ruby/gems/2.0.0/gems/actionpack-4.1.5/lib/action_dispatch/middleware/templates/rescues/_trace.html.erb (2.0ms)
  Rendered c:/Ruby200-x64/lib/ruby/gems/2.0.0/gems/actionpack-4.1.5/lib/action_dispatch/middleware/templates/routes/_route.html.erb (2.0ms)
  Rendered c:/Ruby200-x64/lib/ruby/gems/2.0.0/gems/actionpack-4.1.5/lib/action_dispatch/middleware/templates/routes/_table.html.erb (2.0ms)
  Rendered c:/Ruby200-x64/lib/ruby/gems/2.0.0/gems/actionpack-4.1.5/lib/action_dispatch/middleware/templates/rescues/routing_error.html.erb within rescues/layout (104.0ms)


Started GET "/assets/bootstrap.min.css?body=1" for 127.0.0.1 at 2014-08-22 01:09:57 +0530


Started GET "/assets/application.css?body=1" for 127.0.0.1 at 2014-08-22 01:09:57 +0530


Started GET "/assets/jquery.js?body=1" for 127.0.0.1 at 2014-08-22 01:09:57 +0530


Started GET "/assets/jquery_ujs.js?body=1" for 127.0.0.1 at 2014-08-22 01:09:57 +0530


Started GET "/assets/turbolinks.js?body=1" for 127.0.0.1 at 2014-08-22 01:09:57 +0530


Started GET "/assets/bookmarks.js?body=1" for 127.0.0.1 at 2014-08-22 01:09:57 +0530


Started GET "/assets/application.js?body=1" for 127.0.0.1 at 2014-08-22 01:09:57 +0530


Started GET "/bookmarks/index" for 127.0.0.1 at 2014-08-22 01:11:37 +0530
Processing by BookmarksController#index as HTML
  [1m[35mBookmark Load (1.0ms)[0m  SELECT "bookmarks".* FROM "bookmarks"
  Rendered bookmarks/index.html.erb within layouts/application (4.0ms)
Completed 200 OK in 58ms (Views: 54.0ms | ActiveRecord: 1.0ms)


Started GET "/assets/bookmarks.css?body=1" for 127.0.0.1 at 2014-08-22 01:11:37 +0530


Started GET "/stylesheets/bootstrap-theme.css.map.css" for 127.0.0.1 at 2014-08-22 01:11:37 +0530

ActionController::RoutingError (No route matches [GET] "/stylesheets/bootstrap-theme.css.map.css"):
  actionpack (4.1.5) lib/action_dispatch/middleware/debug_exceptions.rb:21:in `call'
  actionpack (4.1.5) lib/action_dispatch/middleware/show_exceptions.rb:30:in `call'
  railties (4.1.5) lib/rails/rack/logger.rb:38:in `call_app'
  railties (4.1.5) lib/rails/rack/logger.rb:20:in `block in call'
  activesupport (4.1.5) lib/active_support/tagged_logging.rb:68:in `block in tagged'
  activesupport (4.1.5) lib/active_support/tagged_logging.rb:26:in `tagged'
  activesupport (4.1.5) lib/active_support/tagged_logging.rb:68:in `tagged'
  railties (4.1.5) lib/rails/rack/logger.rb:20:in `call'
  actionpack (4.1.5) lib/action_dispatch/middleware/request_id.rb:21:in `call'
  rack (1.5.2) lib/rack/methodoverride.rb:21:in `call'
  rack (1.5.2) lib/rack/runtime.rb:17:in `call'
  activesupport (4.1.5) lib/active_support/cache/strategy/local_cache_middleware.rb:26:in `call'
  rack (1.5.2) lib/rack/lock.rb:17:in `call'
  actionpack (4.1.5) lib/action_dispatch/middleware/static.rb:64:in `call'
  rack (1.5.2) lib/rack/sendfile.rb:112:in `call'
  railties (4.1.5) lib/rails/engine.rb:514:in `call'
  railties (4.1.5) lib/rails/application.rb:144:in `call'
  rack (1.5.2) lib/rack/lock.rb:17:in `call'
  rack (1.5.2) lib/rack/content_length.rb:14:in `call'
  rack (1.5.2) lib/rack/handler/webrick.rb:60:in `service'
  c:/Ruby200-x64/lib/ruby/2.0.0/webrick/httpserver.rb:138:in `service'
  c:/Ruby200-x64/lib/ruby/2.0.0/webrick/httpserver.rb:94:in `run'
  c:/Ruby200-x64/lib/ruby/2.0.0/webrick/server.rb:295:in `block in start_thread'


  Rendered c:/Ruby200-x64/lib/ruby/gems/2.0.0/gems/actionpack-4.1.5/lib/action_dispatch/middleware/templates/rescues/_trace.html.erb (2.0ms)
  Rendered c:/Ruby200-x64/lib/ruby/gems/2.0.0/gems/actionpack-4.1.5/lib/action_dispatch/middleware/templates/routes/_route.html.erb (1.0ms)
  Rendered c:/Ruby200-x64/lib/ruby/gems/2.0.0/gems/actionpack-4.1.5/lib/action_dispatch/middleware/templates/routes/_table.html.erb (2.0ms)
  Rendered c:/Ruby200-x64/lib/ruby/gems/2.0.0/gems/actionpack-4.1.5/lib/action_dispatch/middleware/templates/rescues/routing_error.html.erb within rescues/layout (108.0ms)


Started GET "/assets/bootstrap-theme.min.css?body=1" for 127.0.0.1 at 2014-08-22 01:11:37 +0530


Started GET "/assets/bootstrap.css?body=1" for 127.0.0.1 at 2014-08-22 01:11:38 +0530


Started GET "/assets/bootstrap-theme.css?body=1" for 127.0.0.1 at 2014-08-22 01:11:38 +0530


Started GET "/stylesheets/bootstrap.css.map.css" for 127.0.0.1 at 2014-08-22 01:11:38 +0530

ActionController::RoutingError (No route matches [GET] "/stylesheets/bootstrap.css.map.css"):
  actionpack (4.1.5) lib/action_dispatch/middleware/debug_exceptions.rb:21:in `call'
  actionpack (4.1.5) lib/action_dispatch/middleware/show_exceptions.rb:30:in `call'
  railties (4.1.5) lib/rails/rack/logger.rb:38:in `call_app'
  railties (4.1.5) lib/rails/rack/logger.rb:20:in `block in call'
  activesupport (4.1.5) lib/active_support/tagged_logging.rb:68:in `block in tagged'
  activesupport (4.1.5) lib/active_support/tagged_logging.rb:26:in `tagged'
  activesupport (4.1.5) lib/active_support/tagged_logging.rb:68:in `tagged'
  railties (4.1.5) lib/rails/rack/logger.rb:20:in `call'
  actionpack (4.1.5) lib/action_dispatch/middleware/request_id.rb:21:in `call'
  rack (1.5.2) lib/rack/methodoverride.rb:21:in `call'
  rack (1.5.2) lib/rack/runtime.rb:17:in `call'
  activesupport (4.1.5) lib/active_support/cache/strategy/local_cache_middleware.rb:26:in `call'
  rack (1.5.2) lib/rack/lock.rb:17:in `call'
  actionpack (4.1.5) lib/action_dispatch/middleware/static.rb:64:in `call'
  rack (1.5.2) lib/rack/sendfile.rb:112:in `call'
  railties (4.1.5) lib/rails/engine.rb:514:in `call'
  railties (4.1.5) lib/rails/application.rb:144:in `call'
  rack (1.5.2) lib/rack/lock.rb:17:in `call'
  rack (1.5.2) lib/rack/content_length.rb:14:in `call'
  rack (1.5.2) lib/rack/handler/webrick.rb:60:in `service'
  c:/Ruby200-x64/lib/ruby/2.0.0/webrick/httpserver.rb:138:in `service'
  c:/Ruby200-x64/lib/ruby/2.0.0/webrick/httpserver.rb:94:in `run'
  c:/Ruby200-x64/lib/ruby/2.0.0/webrick/server.rb:295:in `block in start_thread'


  Rendered c:/Ruby200-x64/lib/ruby/gems/2.0.0/gems/actionpack-4.1.5/lib/action_dispatch/middleware/templates/rescues/_trace.html.erb (2.0ms)
  Rendered c:/Ruby200-x64/lib/ruby/gems/2.0.0/gems/actionpack-4.1.5/lib/action_dispatch/middleware/templates/routes/_route.html.erb (1.0ms)
  Rendered c:/Ruby200-x64/lib/ruby/gems/2.0.0/gems/actionpack-4.1.5/lib/action_dispatch/middleware/templates/routes/_table.html.erb (2.0ms)
  Rendered c:/Ruby200-x64/lib/ruby/gems/2.0.0/gems/actionpack-4.1.5/lib/action_dispatch/middleware/templates/rescues/routing_error.html.erb within rescues/layout (105.0ms)


Started GET "/assets/bootstrap.min.css?body=1" for 127.0.0.1 at 2014-08-22 01:11:38 +0530


Started GET "/assets/application.css?body=1" for 127.0.0.1 at 2014-08-22 01:11:38 +0530


Started GET "/assets/jquery.js?body=1" for 127.0.0.1 at 2014-08-22 01:11:38 +0530


Started GET "/assets/jquery_ujs.js?body=1" for 127.0.0.1 at 2014-08-22 01:11:38 +0530


Started GET "/assets/turbolinks.js?body=1" for 127.0.0.1 at 2014-08-22 01:11:38 +0530


Started GET "/assets/application.js?body=1" for 127.0.0.1 at 2014-08-22 01:11:38 +0530


Started GET "/assets/bookmarks.js?body=1" for 127.0.0.1 at 2014-08-22 01:11:38 +0530


Started GET "/assets/bookmarks.css?body=1" for 127.0.0.1 at 2014-08-22 01:11:43 +0530


Started GET "/assets/bootstrap-theme.css?body=1" for 127.0.0.1 at 2014-08-22 01:11:43 +0530


Started GET "/stylesheets/bootstrap-theme.css.map.css" for 127.0.0.1 at 2014-08-22 01:11:43 +0530

ActionController::RoutingError (No route matches [GET] "/stylesheets/bootstrap-theme.css.map.css"):
  actionpack (4.1.5) lib/action_dispatch/middleware/debug_exceptions.rb:21:in `call'
  actionpack (4.1.5) lib/action_dispatch/middleware/show_exceptions.rb:30:in `call'
  railties (4.1.5) lib/rails/rack/logger.rb:38:in `call_app'
  railties (4.1.5) lib/rails/rack/logger.rb:20:in `block in call'
  activesupport (4.1.5) lib/active_support/tagged_logging.rb:68:in `block in tagged'
  activesupport (4.1.5) lib/active_support/tagged_logging.rb:26:in `tagged'
  activesupport (4.1.5) lib/active_support/tagged_logging.rb:68:in `tagged'
  railties (4.1.5) lib/rails/rack/logger.rb:20:in `call'
  actionpack (4.1.5) lib/action_dispatch/middleware/request_id.rb:21:in `call'
  rack (1.5.2) lib/rack/methodoverride.rb:21:in `call'
  rack (1.5.2) lib/rack/runtime.rb:17:in `call'
  activesupport (4.1.5) lib/active_support/cache/strategy/local_cache_middleware.rb:26:in `call'
  rack (1.5.2) lib/rack/lock.rb:17:in `call'
  actionpack (4.1.5) lib/action_dispatch/middleware/static.rb:64:in `call'
  rack (1.5.2) lib/rack/sendfile.rb:112:in `call'
  railties (4.1.5) lib/rails/engine.rb:514:in `call'
  railties (4.1.5) lib/rails/application.rb:144:in `call'
  rack (1.5.2) lib/rack/lock.rb:17:in `call'
  rack (1.5.2) lib/rack/content_length.rb:14:in `call'
  rack (1.5.2) lib/rack/handler/webrick.rb:60:in `service'
  c:/Ruby200-x64/lib/ruby/2.0.0/webrick/httpserver.rb:138:in `service'
  c:/Ruby200-x64/lib/ruby/2.0.0/webrick/httpserver.rb:94:in `run'
  c:/Ruby200-x64/lib/ruby/2.0.0/webrick/server.rb:295:in `block in start_thread'


  Rendered c:/Ruby200-x64/lib/ruby/gems/2.0.0/gems/actionpack-4.1.5/lib/action_dispatch/middleware/templates/rescues/_trace.html.erb (2.0ms)
  Rendered c:/Ruby200-x64/lib/ruby/gems/2.0.0/gems/actionpack-4.1.5/lib/action_dispatch/middleware/templates/routes/_route.html.erb (1.0ms)
  Rendered c:/Ruby200-x64/lib/ruby/gems/2.0.0/gems/actionpack-4.1.5/lib/action_dispatch/middleware/templates/routes/_table.html.erb (2.0ms)
  Rendered c:/Ruby200-x64/lib/ruby/gems/2.0.0/gems/actionpack-4.1.5/lib/action_dispatch/middleware/templates/rescues/routing_error.html.erb within rescues/layout (112.0ms)


Started GET "/assets/bootstrap-theme.min.css?body=1" for 127.0.0.1 at 2014-08-22 01:11:44 +0530


Started GET "/assets/bootstrap.css?body=1" for 127.0.0.1 at 2014-08-22 01:11:44 +0530


Started GET "/stylesheets/bootstrap.css.map.css" for 127.0.0.1 at 2014-08-22 01:11:44 +0530

ActionController::RoutingError (No route matches [GET] "/stylesheets/bootstrap.css.map.css"):
  actionpack (4.1.5) lib/action_dispatch/middleware/debug_exceptions.rb:21:in `call'
  actionpack (4.1.5) lib/action_dispatch/middleware/show_exceptions.rb:30:in `call'
  railties (4.1.5) lib/rails/rack/logger.rb:38:in `call_app'
  railties (4.1.5) lib/rails/rack/logger.rb:20:in `block in call'
  activesupport (4.1.5) lib/active_support/tagged_logging.rb:68:in `block in tagged'
  activesupport (4.1.5) lib/active_support/tagged_logging.rb:26:in `tagged'
  activesupport (4.1.5) lib/active_support/tagged_logging.rb:68:in `tagged'
  railties (4.1.5) lib/rails/rack/logger.rb:20:in `call'
  actionpack (4.1.5) lib/action_dispatch/middleware/request_id.rb:21:in `call'
  rack (1.5.2) lib/rack/methodoverride.rb:21:in `call'
  rack (1.5.2) lib/rack/runtime.rb:17:in `call'
  activesupport (4.1.5) lib/active_support/cache/strategy/local_cache_middleware.rb:26:in `call'
  rack (1.5.2) lib/rack/lock.rb:17:in `call'
  actionpack (4.1.5) lib/action_dispatch/middleware/static.rb:64:in `call'
  rack (1.5.2) lib/rack/sendfile.rb:112:in `call'
  railties (4.1.5) lib/rails/engine.rb:514:in `call'
  railties (4.1.5) lib/rails/application.rb:144:in `call'
  rack (1.5.2) lib/rack/lock.rb:17:in `call'
  rack (1.5.2) lib/rack/content_length.rb:14:in `call'
  rack (1.5.2) lib/rack/handler/webrick.rb:60:in `service'
  c:/Ruby200-x64/lib/ruby/2.0.0/webrick/httpserver.rb:138:in `service'
  c:/Ruby200-x64/lib/ruby/2.0.0/webrick/httpserver.rb:94:in `run'
  c:/Ruby200-x64/lib/ruby/2.0.0/webrick/server.rb:295:in `block in start_thread'


  Rendered c:/Ruby200-x64/lib/ruby/gems/2.0.0/gems/actionpack-4.1.5/lib/action_dispatch/middleware/templates/rescues/_trace.html.erb (3.0ms)
  Rendered c:/Ruby200-x64/lib/ruby/gems/2.0.0/gems/actionpack-4.1.5/lib/action_dispatch/middleware/templates/routes/_route.html.erb (2.0ms)
  Rendered c:/Ruby200-x64/lib/ruby/gems/2.0.0/gems/actionpack-4.1.5/lib/action_dispatch/middleware/templates/routes/_table.html.erb (3.0ms)
  Rendered c:/Ruby200-x64/lib/ruby/gems/2.0.0/gems/actionpack-4.1.5/lib/action_dispatch/middleware/templates/rescues/routing_error.html.erb within rescues/layout (115.0ms)


Started GET "/assets/bootstrap.min.css?body=1" for 127.0.0.1 at 2014-08-22 01:11:44 +0530


Started GET "/assets/application.css?body=1" for 127.0.0.1 at 2014-08-22 01:11:44 +0530


Started GET "/bookmarks/index" for 127.0.0.1 at 2014-08-22 01:11:44 +0530
Processing by BookmarksController#index as */*
  [1m[36mBookmark Load (0.0ms)[0m  [1mSELECT "bookmarks".* FROM "bookmarks"[0m
  Rendered bookmarks/index.html.erb within layouts/application (5.0ms)
Completed 200 OK in 79ms (Views: 77.0ms | ActiveRecord: 0.0ms)


Started GET "/assets/bookmarks.css?body=1" for 127.0.0.1 at 2014-08-22 01:11:45 +0530


Started GET "/assets/bootstrap-theme.css?body=1" for 127.0.0.1 at 2014-08-22 01:11:45 +0530


Started GET "/assets/bootstrap-theme.min.css?body=1" for 127.0.0.1 at 2014-08-22 01:11:45 +0530


Started GET "/stylesheets/bootstrap-theme.css.map.css" for 127.0.0.1 at 2014-08-22 01:11:45 +0530

ActionController::RoutingError (No route matches [GET] "/stylesheets/bootstrap-theme.css.map.css"):
  actionpack (4.1.5) lib/action_dispatch/middleware/debug_exceptions.rb:21:in `call'
  actionpack (4.1.5) lib/action_dispatch/middleware/show_exceptions.rb:30:in `call'
  railties (4.1.5) lib/rails/rack/logger.rb:38:in `call_app'
  railties (4.1.5) lib/rails/rack/logger.rb:20:in `block in call'
  activesupport (4.1.5) lib/active_support/tagged_logging.rb:68:in `block in tagged'
  activesupport (4.1.5) lib/active_support/tagged_logging.rb:26:in `tagged'
  activesupport (4.1.5) lib/active_support/tagged_logging.rb:68:in `tagged'
  railties (4.1.5) lib/rails/rack/logger.rb:20:in `call'
  actionpack (4.1.5) lib/action_dispatch/middleware/request_id.rb:21:in `call'
  rack (1.5.2) lib/rack/methodoverride.rb:21:in `call'
  rack (1.5.2) lib/rack/runtime.rb:17:in `call'
  activesupport (4.1.5) lib/active_support/cache/strategy/local_cache_middleware.rb:26:in `call'
  rack (1.5.2) lib/rack/lock.rb:17:in `call'
  actionpack (4.1.5) lib/action_dispatch/middleware/static.rb:64:in `call'
  rack (1.5.2) lib/rack/sendfile.rb:112:in `call'
  railties (4.1.5) lib/rails/engine.rb:514:in `call'
  railties (4.1.5) lib/rails/application.rb:144:in `call'
  rack (1.5.2) lib/rack/lock.rb:17:in `call'
  rack (1.5.2) lib/rack/content_length.rb:14:in `call'
  rack (1.5.2) lib/rack/handler/webrick.rb:60:in `service'
  c:/Ruby200-x64/lib/ruby/2.0.0/webrick/httpserver.rb:138:in `service'
  c:/Ruby200-x64/lib/ruby/2.0.0/webrick/httpserver.rb:94:in `run'
  c:/Ruby200-x64/lib/ruby/2.0.0/webrick/server.rb:295:in `block in start_thread'


  Rendered c:/Ruby200-x64/lib/ruby/gems/2.0.0/gems/actionpack-4.1.5/lib/action_dispatch/middleware/templates/rescues/_trace.html.erb (2.0ms)
  Rendered c:/Ruby200-x64/lib/ruby/gems/2.0.0/gems/actionpack-4.1.5/lib/action_dispatch/middleware/templates/routes/_route.html.erb (2.0ms)
  Rendered c:/Ruby200-x64/lib/ruby/gems/2.0.0/gems/actionpack-4.1.5/lib/action_dispatch/middleware/templates/routes/_table.html.erb (2.0ms)
  Rendered c:/Ruby200-x64/lib/ruby/gems/2.0.0/gems/actionpack-4.1.5/lib/action_dispatch/middleware/templates/rescues/routing_error.html.erb within rescues/layout (128.0ms)


Started GET "/stylesheets/bootstrap.css.map.css" for 127.0.0.1 at 2014-08-22 01:11:45 +0530

ActionController::RoutingError (No route matches [GET] "/stylesheets/bootstrap.css.map.css"):
  actionpack (4.1.5) lib/action_dispatch/middleware/debug_exceptions.rb:21:in `call'
  actionpack (4.1.5) lib/action_dispatch/middleware/show_exceptions.rb:30:in `call'
  railties (4.1.5) lib/rails/rack/logger.rb:38:in `call_app'
  railties (4.1.5) lib/rails/rack/logger.rb:20:in `block in call'
  activesupport (4.1.5) lib/active_support/tagged_logging.rb:68:in `block in tagged'
  activesupport (4.1.5) lib/active_support/tagged_logging.rb:26:in `tagged'
  activesupport (4.1.5) lib/active_support/tagged_logging.rb:68:in `tagged'
  railties (4.1.5) lib/rails/rack/logger.rb:20:in `call'
  actionpack (4.1.5) lib/action_dispatch/middleware/request_id.rb:21:in `call'
  rack (1.5.2) lib/rack/methodoverride.rb:21:in `call'
  rack (1.5.2) lib/rack/runtime.rb:17:in `call'
  activesupport (4.1.5) lib/active_support/cache/strategy/local_cache_middleware.rb:26:in `call'
  rack (1.5.2) lib/rack/lock.rb:17:in `call'
  actionpack (4.1.5) lib/action_dispatch/middleware/static.rb:64:in `call'
  rack (1.5.2) lib/rack/sendfile.rb:112:in `call'
  railties (4.1.5) lib/rails/engine.rb:514:in `call'
  railties (4.1.5) lib/rails/application.rb:144:in `call'
  rack (1.5.2) lib/rack/lock.rb:17:in `call'
  rack (1.5.2) lib/rack/content_length.rb:14:in `call'
  rack (1.5.2) lib/rack/handler/webrick.rb:60:in `service'
  c:/Ruby200-x64/lib/ruby/2.0.0/webrick/httpserver.rb:138:in `service'
  c:/Ruby200-x64/lib/ruby/2.0.0/webrick/httpserver.rb:94:in `run'
  c:/Ruby200-x64/lib/ruby/2.0.0/webrick/server.rb:295:in `block in start_thread'


  Rendered c:/Ruby200-x64/lib/ruby/gems/2.0.0/gems/actionpack-4.1.5/lib/action_dispatch/middleware/templates/rescues/_trace.html.erb (2.0ms)
  Rendered c:/Ruby200-x64/lib/ruby/gems/2.0.0/gems/actionpack-4.1.5/lib/action_dispatch/middleware/templates/routes/_route.html.erb (2.0ms)
  Rendered c:/Ruby200-x64/lib/ruby/gems/2.0.0/gems/actionpack-4.1.5/lib/action_dispatch/middleware/templates/routes/_table.html.erb (2.0ms)
  Rendered c:/Ruby200-x64/lib/ruby/gems/2.0.0/gems/actionpack-4.1.5/lib/action_dispatch/middleware/templates/rescues/routing_error.html.erb within rescues/layout (101.0ms)


Started GET "/assets/bootstrap.css?body=1" for 127.0.0.1 at 2014-08-22 01:11:45 +0530


Started GET "/assets/bootstrap.min.css?body=1" for 127.0.0.1 at 2014-08-22 01:11:45 +0530


Started GET "/assets/application.css?body=1" for 127.0.0.1 at 2014-08-22 01:11:45 +0530


Started GET "/assets/bootstrap-theme.css.map" for 127.0.0.1 at 2014-08-22 01:11:45 +0530


Started GET "/assets/bootstrap.css.map" for 127.0.0.1 at 2014-08-22 01:11:45 +0530


Started GET "/bookmarks/index" for 127.0.0.1 at 2014-08-22 01:12:57 +0530
Processing by BookmarksController#index as HTML
  [1m[35mBookmark Load (0.0ms)[0m  SELECT "bookmarks".* FROM "bookmarks"
  Rendered bookmarks/index.html.erb within layouts/application (3.0ms)
Completed 200 OK in 53ms (Views: 51.0ms | ActiveRecord: 0.0ms)


Started GET "/assets/bootstrap-theme.min.css?body=1" for 127.0.0.1 at 2014-08-22 01:12:58 +0530


Started GET "/assets/bootstrap-theme.css?body=1" for 127.0.0.1 at 2014-08-22 01:12:58 +0530


Started GET "/stylesheets/bootstrap.css.map.css" for 127.0.0.1 at 2014-08-22 01:12:58 +0530

ActionController::RoutingError (No route matches [GET] "/stylesheets/bootstrap.css.map.css"):
  actionpack (4.1.5) lib/action_dispatch/middleware/debug_exceptions.rb:21:in `call'
  actionpack (4.1.5) lib/action_dispatch/middleware/show_exceptions.rb:30:in `call'
  railties (4.1.5) lib/rails/rack/logger.rb:38:in `call_app'
  railties (4.1.5) lib/rails/rack/logger.rb:20:in `block in call'
  activesupport (4.1.5) lib/active_support/tagged_logging.rb:68:in `block in tagged'
  activesupport (4.1.5) lib/active_support/tagged_logging.rb:26:in `tagged'
  activesupport (4.1.5) lib/active_support/tagged_logging.rb:68:in `tagged'
  railties (4.1.5) lib/rails/rack/logger.rb:20:in `call'
  actionpack (4.1.5) lib/action_dispatch/middleware/request_id.rb:21:in `call'
  rack (1.5.2) lib/rack/methodoverride.rb:21:in `call'
  rack (1.5.2) lib/rack/runtime.rb:17:in `call'
  activesupport (4.1.5) lib/active_support/cache/strategy/local_cache_middleware.rb:26:in `call'
  rack (1.5.2) lib/rack/lock.rb:17:in `call'
  actionpack (4.1.5) lib/action_dispatch/middleware/static.rb:64:in `call'
  rack (1.5.2) lib/rack/sendfile.rb:112:in `call'
  railties (4.1.5) lib/rails/engine.rb:514:in `call'
  railties (4.1.5) lib/rails/application.rb:144:in `call'
  rack (1.5.2) lib/rack/lock.rb:17:in `call'
  rack (1.5.2) lib/rack/content_length.rb:14:in `call'
  rack (1.5.2) lib/rack/handler/webrick.rb:60:in `service'
  c:/Ruby200-x64/lib/ruby/2.0.0/webrick/httpserver.rb:138:in `service'
  c:/Ruby200-x64/lib/ruby/2.0.0/webrick/httpserver.rb:94:in `run'
  c:/Ruby200-x64/lib/ruby/2.0.0/webrick/server.rb:295:in `block in start_thread'


  Rendered c:/Ruby200-x64/lib/ruby/gems/2.0.0/gems/actionpack-4.1.5/lib/action_dispatch/middleware/templates/rescues/_trace.html.erb (2.0ms)
  Rendered c:/Ruby200-x64/lib/ruby/gems/2.0.0/gems/actionpack-4.1.5/lib/action_dispatch/middleware/templates/routes/_route.html.erb (2.0ms)
  Rendered c:/Ruby200-x64/lib/ruby/gems/2.0.0/gems/actionpack-4.1.5/lib/action_dispatch/middleware/templates/routes/_table.html.erb (3.0ms)
  Rendered c:/Ruby200-x64/lib/ruby/gems/2.0.0/gems/actionpack-4.1.5/lib/action_dispatch/middleware/templates/rescues/routing_error.html.erb within rescues/layout (123.0ms)


Started GET "/assets/bookmarks.css?body=1" for 127.0.0.1 at 2014-08-22 01:12:58 +0530


Started GET "/stylesheets/bootstrap-theme.css.map.css" for 127.0.0.1 at 2014-08-22 01:12:58 +0530

ActionController::RoutingError (No route matches [GET] "/stylesheets/bootstrap-theme.css.map.css"):
  actionpack (4.1.5) lib/action_dispatch/middleware/debug_exceptions.rb:21:in `call'
  actionpack (4.1.5) lib/action_dispatch/middleware/show_exceptions.rb:30:in `call'
  railties (4.1.5) lib/rails/rack/logger.rb:38:in `call_app'
  railties (4.1.5) lib/rails/rack/logger.rb:20:in `block in call'
  activesupport (4.1.5) lib/active_support/tagged_logging.rb:68:in `block in tagged'
  activesupport (4.1.5) lib/active_support/tagged_logging.rb:26:in `tagged'
  activesupport (4.1.5) lib/active_support/tagged_logging.rb:68:in `tagged'
  railties (4.1.5) lib/rails/rack/logger.rb:20:in `call'
  actionpack (4.1.5) lib/action_dispatch/middleware/request_id.rb:21:in `call'
  rack (1.5.2) lib/rack/methodoverride.rb:21:in `call'
  rack (1.5.2) lib/rack/runtime.rb:17:in `call'
  activesupport (4.1.5) lib/active_support/cache/strategy/local_cache_middleware.rb:26:in `call'
  rack (1.5.2) lib/rack/lock.rb:17:in `call'
  actionpack (4.1.5) lib/action_dispatch/middleware/static.rb:64:in `call'
  rack (1.5.2) lib/rack/sendfile.rb:112:in `call'
  railties (4.1.5) lib/rails/engine.rb:514:in `call'
  railties (4.1.5) lib/rails/application.rb:144:in `call'
  rack (1.5.2) lib/rack/lock.rb:17:in `call'
  rack (1.5.2) lib/rack/content_length.rb:14:in `call'
  rack (1.5.2) lib/rack/handler/webrick.rb:60:in `service'
  c:/Ruby200-x64/lib/ruby/2.0.0/webrick/httpserver.rb:138:in `service'
  c:/Ruby200-x64/lib/ruby/2.0.0/webrick/httpserver.rb:94:in `run'
  c:/Ruby200-x64/lib/ruby/2.0.0/webrick/server.rb:295:in `block in start_thread'


  Rendered c:/Ruby200-x64/lib/ruby/gems/2.0.0/gems/actionpack-4.1.5/lib/action_dispatch/middleware/templates/rescues/_trace.html.erb (2.0ms)
  Rendered c:/Ruby200-x64/lib/ruby/gems/2.0.0/gems/actionpack-4.1.5/lib/action_dispatch/middleware/templates/routes/_route.html.erb (2.0ms)
  Rendered c:/Ruby200-x64/lib/ruby/gems/2.0.0/gems/actionpack-4.1.5/lib/action_dispatch/middleware/templates/routes/_table.html.erb (2.0ms)
  Rendered c:/Ruby200-x64/lib/ruby/gems/2.0.0/gems/actionpack-4.1.5/lib/action_dispatch/middleware/templates/rescues/routing_error.html.erb within rescues/layout (122.0ms)


Started GET "/assets/bootstrap.css?body=1" for 127.0.0.1 at 2014-08-22 01:12:58 +0530


Started GET "/assets/bootstrap.min.css?body=1" for 127.0.0.1 at 2014-08-22 01:12:58 +0530


Started GET "/assets/application.css?body=1" for 127.0.0.1 at 2014-08-22 01:12:58 +0530


Started GET "/assets/jquery.js?body=1" for 127.0.0.1 at 2014-08-22 01:12:58 +0530


Started GET "/assets/jquery_ujs.js?body=1" for 127.0.0.1 at 2014-08-22 01:12:58 +0530


Started GET "/assets/turbolinks.js?body=1" for 127.0.0.1 at 2014-08-22 01:12:58 +0530


Started GET "/assets/application.js?body=1" for 127.0.0.1 at 2014-08-22 01:12:58 +0530


Started GET "/assets/bookmarks.js?body=1" for 127.0.0.1 at 2014-08-22 01:12:58 +0530


Started GET "/assets/bootstrap.css.map" for 127.0.0.1 at 2014-08-22 01:13:26 +0530


Started GET "/assets/bootstrap-theme.css.map" for 127.0.0.1 at 2014-08-22 01:13:26 +0530


Started GET "/bookmarks/index" for 127.0.0.1 at 2014-08-22 01:19:32 +0530
Processing by BookmarksController#index as HTML
  [1m[36mBookmark Load (1.0ms)[0m  [1mSELECT "bookmarks".* FROM "bookmarks"[0m
  Rendered bookmarks/index.html.erb within layouts/application (3.0ms)
Completed 200 OK in 54ms (Views: 51.0ms | ActiveRecord: 1.0ms)


Started GET "/assets/bookmarks.css?body=1" for 127.0.0.1 at 2014-08-22 01:19:33 +0530


Started GET "/assets/bootstrap-theme.css?body=1" for 127.0.0.1 at 2014-08-22 01:19:33 +0530


Started GET "/stylesheets/bootstrap.css.map.css" for 127.0.0.1 at 2014-08-22 01:19:33 +0530

ActionController::RoutingError (No route matches [GET] "/stylesheets/bootstrap.css.map.css"):
  actionpack (4.1.5) lib/action_dispatch/middleware/debug_exceptions.rb:21:in `call'
  actionpack (4.1.5) lib/action_dispatch/middleware/show_exceptions.rb:30:in `call'
  railties (4.1.5) lib/rails/rack/logger.rb:38:in `call_app'
  railties (4.1.5) lib/rails/rack/logger.rb:20:in `block in call'
  activesupport (4.1.5) lib/active_support/tagged_logging.rb:68:in `block in tagged'
  activesupport (4.1.5) lib/active_support/tagged_logging.rb:26:in `tagged'
  activesupport (4.1.5) lib/active_support/tagged_logging.rb:68:in `tagged'
  railties (4.1.5) lib/rails/rack/logger.rb:20:in `call'
  actionpack (4.1.5) lib/action_dispatch/middleware/request_id.rb:21:in `call'
  rack (1.5.2) lib/rack/methodoverride.rb:21:in `call'
  rack (1.5.2) lib/rack/runtime.rb:17:in `call'
  activesupport (4.1.5) lib/active_support/cache/strategy/local_cache_middleware.rb:26:in `call'
  rack (1.5.2) lib/rack/lock.rb:17:in `call'
  actionpack (4.1.5) lib/action_dispatch/middleware/static.rb:64:in `call'
  rack (1.5.2) lib/rack/sendfile.rb:112:in `call'
  railties (4.1.5) lib/rails/engine.rb:514:in `call'
  railties (4.1.5) lib/rails/application.rb:144:in `call'
  rack (1.5.2) lib/rack/lock.rb:17:in `call'
  rack (1.5.2) lib/rack/content_length.rb:14:in `call'
  rack (1.5.2) lib/rack/handler/webrick.rb:60:in `service'
  c:/Ruby200-x64/lib/ruby/2.0.0/webrick/httpserver.rb:138:in `service'
  c:/Ruby200-x64/lib/ruby/2.0.0/webrick/httpserver.rb:94:in `run'
  c:/Ruby200-x64/lib/ruby/2.0.0/webrick/server.rb:295:in `block in start_thread'


  Rendered c:/Ruby200-x64/lib/ruby/gems/2.0.0/gems/actionpack-4.1.5/lib/action_dispatch/middleware/templates/rescues/_trace.html.erb (2.0ms)
  Rendered c:/Ruby200-x64/lib/ruby/gems/2.0.0/gems/actionpack-4.1.5/lib/action_dispatch/middleware/templates/routes/_route.html.erb (2.0ms)
  Rendered c:/Ruby200-x64/lib/ruby/gems/2.0.0/gems/actionpack-4.1.5/lib/action_dispatch/middleware/templates/routes/_table.html.erb (2.0ms)
  Rendered c:/Ruby200-x64/lib/ruby/gems/2.0.0/gems/actionpack-4.1.5/lib/action_dispatch/middleware/templates/rescues/routing_error.html.erb within rescues/layout (107.0ms)


Started GET "/assets/bootstrap.css?body=1" for 127.0.0.1 at 2014-08-22 01:19:33 +0530


Started GET "/stylesheets/bootstrap-theme.css.map.css" for 127.0.0.1 at 2014-08-22 01:19:33 +0530

ActionController::RoutingError (No route matches [GET] "/stylesheets/bootstrap-theme.css.map.css"):
  actionpack (4.1.5) lib/action_dispatch/middleware/debug_exceptions.rb:21:in `call'
  actionpack (4.1.5) lib/action_dispatch/middleware/show_exceptions.rb:30:in `call'
  railties (4.1.5) lib/rails/rack/logger.rb:38:in `call_app'
  railties (4.1.5) lib/rails/rack/logger.rb:20:in `block in call'
  activesupport (4.1.5) lib/active_support/tagged_logging.rb:68:in `block in tagged'
  activesupport (4.1.5) lib/active_support/tagged_logging.rb:26:in `tagged'
  activesupport (4.1.5) lib/active_support/tagged_logging.rb:68:in `tagged'
  railties (4.1.5) lib/rails/rack/logger.rb:20:in `call'
  actionpack (4.1.5) lib/action_dispatch/middleware/request_id.rb:21:in `call'
  rack (1.5.2) lib/rack/methodoverride.rb:21:in `call'
  rack (1.5.2) lib/rack/runtime.rb:17:in `call'
  activesupport (4.1.5) lib/active_support/cache/strategy/local_cache_middleware.rb:26:in `call'
  rack (1.5.2) lib/rack/lock.rb:17:in `call'
  actionpack (4.1.5) lib/action_dispatch/middleware/static.rb:64:in `call'
  rack (1.5.2) lib/rack/sendfile.rb:112:in `call'
  railties (4.1.5) lib/rails/engine.rb:514:in `call'
  railties (4.1.5) lib/rails/application.rb:144:in `call'
  rack (1.5.2) lib/rack/lock.rb:17:in `call'
  rack (1.5.2) lib/rack/content_length.rb:14:in `call'
  rack (1.5.2) lib/rack/handler/webrick.rb:60:in `service'
  c:/Ruby200-x64/lib/ruby/2.0.0/webrick/httpserver.rb:138:in `service'
  c:/Ruby200-x64/lib/ruby/2.0.0/webrick/httpserver.rb:94:in `run'
  c:/Ruby200-x64/lib/ruby/2.0.0/webrick/server.rb:295:in `block in start_thread'


  Rendered c:/Ruby200-x64/lib/ruby/gems/2.0.0/gems/actionpack-4.1.5/lib/action_dispatch/middleware/templates/rescues/_trace.html.erb (2.0ms)
  Rendered c:/Ruby200-x64/lib/ruby/gems/2.0.0/gems/actionpack-4.1.5/lib/action_dispatch/middleware/templates/routes/_route.html.erb (1.0ms)
  Rendered c:/Ruby200-x64/lib/ruby/gems/2.0.0/gems/actionpack-4.1.5/lib/action_dispatch/middleware/templates/routes/_table.html.erb (2.0ms)
  Rendered c:/Ruby200-x64/lib/ruby/gems/2.0.0/gems/actionpack-4.1.5/lib/action_dispatch/middleware/templates/rescues/routing_error.html.erb within rescues/layout (114.0ms)


Started GET "/assets/bootstrap-theme.min.css?body=1" for 127.0.0.1 at 2014-08-22 01:19:33 +0530


Started GET "/assets/bootstrap.min.css?body=1" for 127.0.0.1 at 2014-08-22 01:19:33 +0530


Started GET "/assets/application.css?body=1" for 127.0.0.1 at 2014-08-22 01:19:33 +0530


Started GET "/assets/jquery.js?body=1" for 127.0.0.1 at 2014-08-22 01:19:33 +0530


Started GET "/assets/jquery_ujs.js?body=1" for 127.0.0.1 at 2014-08-22 01:19:33 +0530


Started GET "/assets/turbolinks.js?body=1" for 127.0.0.1 at 2014-08-22 01:19:33 +0530


Started GET "/assets/bookmarks.js?body=1" for 127.0.0.1 at 2014-08-22 01:19:33 +0530


Started GET "/assets/application.js?body=1" for 127.0.0.1 at 2014-08-22 01:19:33 +0530


Started GET "/assets/bootstrap.css.map" for 127.0.0.1 at 2014-08-22 01:19:33 +0530


Started GET "/assets/bootstrap-theme.css.map" for 127.0.0.1 at 2014-08-22 01:19:33 +0530


Started GET "/bookmarks/index" for 127.0.0.1 at 2014-08-22 01:19:43 +0530
Processing by BookmarksController#index as HTML
  [1m[35mBookmark Load (1.0ms)[0m  SELECT "bookmarks".* FROM "bookmarks"
  Rendered bookmarks/index.html.erb within layouts/application (3.0ms)
Completed 200 OK in 52ms (Views: 50.0ms | ActiveRecord: 1.0ms)


Started GET "/stylesheets/bootstrap-theme.css.map.css" for 127.0.0.1 at 2014-08-22 01:19:43 +0530

ActionController::RoutingError (No route matches [GET] "/stylesheets/bootstrap-theme.css.map.css"):
  actionpack (4.1.5) lib/action_dispatch/middleware/debug_exceptions.rb:21:in `call'
  actionpack (4.1.5) lib/action_dispatch/middleware/show_exceptions.rb:30:in `call'
  railties (4.1.5) lib/rails/rack/logger.rb:38:in `call_app'
  railties (4.1.5) lib/rails/rack/logger.rb:20:in `block in call'
  activesupport (4.1.5) lib/active_support/tagged_logging.rb:68:in `block in tagged'
  activesupport (4.1.5) lib/active_support/tagged_logging.rb:26:in `tagged'
  activesupport (4.1.5) lib/active_support/tagged_logging.rb:68:in `tagged'
  railties (4.1.5) lib/rails/rack/logger.rb:20:in `call'
  actionpack (4.1.5) lib/action_dispatch/middleware/request_id.rb:21:in `call'
  rack (1.5.2) lib/rack/methodoverride.rb:21:in `call'
  rack (1.5.2) lib/rack/runtime.rb:17:in `call'
  activesupport (4.1.5) lib/active_support/cache/strategy/local_cache_middleware.rb:26:in `call'
  rack (1.5.2) lib/rack/lock.rb:17:in `call'
  actionpack (4.1.5) lib/action_dispatch/middleware/static.rb:64:in `call'
  rack (1.5.2) lib/rack/sendfile.rb:112:in `call'
  railties (4.1.5) lib/rails/engine.rb:514:in `call'
  railties (4.1.5) lib/rails/application.rb:144:in `call'
  rack (1.5.2) lib/rack/lock.rb:17:in `call'
  rack (1.5.2) lib/rack/content_length.rb:14:in `call'
  rack (1.5.2) lib/rack/handler/webrick.rb:60:in `service'
  c:/Ruby200-x64/lib/ruby/2.0.0/webrick/httpserver.rb:138:in `service'
  c:/Ruby200-x64/lib/ruby/2.0.0/webrick/httpserver.rb:94:in `run'
  c:/Ruby200-x64/lib/ruby/2.0.0/webrick/server.rb:295:in `block in start_thread'


  Rendered c:/Ruby200-x64/lib/ruby/gems/2.0.0/gems/actionpack-4.1.5/lib/action_dispatch/middleware/templates/rescues/_trace.html.erb (2.0ms)
  Rendered c:/Ruby200-x64/lib/ruby/gems/2.0.0/gems/actionpack-4.1.5/lib/action_dispatch/middleware/templates/routes/_route.html.erb (1.0ms)
  Rendered c:/Ruby200-x64/lib/ruby/gems/2.0.0/gems/actionpack-4.1.5/lib/action_dispatch/middleware/templates/routes/_table.html.erb (2.0ms)
  Rendered c:/Ruby200-x64/lib/ruby/gems/2.0.0/gems/actionpack-4.1.5/lib/action_dispatch/middleware/templates/rescues/routing_error.html.erb within rescues/layout (126.0ms)


Started GET "/stylesheets/bootstrap.css.map.css" for 127.0.0.1 at 2014-08-22 01:19:44 +0530

ActionController::RoutingError (No route matches [GET] "/stylesheets/bootstrap.css.map.css"):
  actionpack (4.1.5) lib/action_dispatch/middleware/debug_exceptions.rb:21:in `call'
  actionpack (4.1.5) lib/action_dispatch/middleware/show_exceptions.rb:30:in `call'
  railties (4.1.5) lib/rails/rack/logger.rb:38:in `call_app'
  railties (4.1.5) lib/rails/rack/logger.rb:20:in `block in call'
  activesupport (4.1.5) lib/active_support/tagged_logging.rb:68:in `block in tagged'
  activesupport (4.1.5) lib/active_support/tagged_logging.rb:26:in `tagged'
  activesupport (4.1.5) lib/active_support/tagged_logging.rb:68:in `tagged'
  railties (4.1.5) lib/rails/rack/logger.rb:20:in `call'
  actionpack (4.1.5) lib/action_dispatch/middleware/request_id.rb:21:in `call'
  rack (1.5.2) lib/rack/methodoverride.rb:21:in `call'
  rack (1.5.2) lib/rack/runtime.rb:17:in `call'
  activesupport (4.1.5) lib/active_support/cache/strategy/local_cache_middleware.rb:26:in `call'
  rack (1.5.2) lib/rack/lock.rb:17:in `call'
  actionpack (4.1.5) lib/action_dispatch/middleware/static.rb:64:in `call'
  rack (1.5.2) lib/rack/sendfile.rb:112:in `call'
  railties (4.1.5) lib/rails/engine.rb:514:in `call'
  railties (4.1.5) lib/rails/application.rb:144:in `call'
  rack (1.5.2) lib/rack/lock.rb:17:in `call'
  rack (1.5.2) lib/rack/content_length.rb:14:in `call'
  rack (1.5.2) lib/rack/handler/webrick.rb:60:in `service'
  c:/Ruby200-x64/lib/ruby/2.0.0/webrick/httpserver.rb:138:in `service'
  c:/Ruby200-x64/lib/ruby/2.0.0/webrick/httpserver.rb:94:in `run'
  c:/Ruby200-x64/lib/ruby/2.0.0/webrick/server.rb:295:in `block in start_thread'


  Rendered c:/Ruby200-x64/lib/ruby/gems/2.0.0/gems/actionpack-4.1.5/lib/action_dispatch/middleware/templates/rescues/_trace.html.erb (2.0ms)
  Rendered c:/Ruby200-x64/lib/ruby/gems/2.0.0/gems/actionpack-4.1.5/lib/action_dispatch/middleware/templates/routes/_route.html.erb (2.0ms)
  Rendered c:/Ruby200-x64/lib/ruby/gems/2.0.0/gems/actionpack-4.1.5/lib/action_dispatch/middleware/templates/routes/_table.html.erb (1.0ms)
  Rendered c:/Ruby200-x64/lib/ruby/gems/2.0.0/gems/actionpack-4.1.5/lib/action_dispatch/middleware/templates/rescues/routing_error.html.erb within rescues/layout (105.0ms)


Started GET "/assets/bootstrap-theme.css.map" for 127.0.0.1 at 2014-08-22 01:20:56 +0530


Started GET "/assets/bootstrap.css.map" for 127.0.0.1 at 2014-08-22 01:20:56 +0530


Started GET "/bookmarks/index" for 127.0.0.1 at 2014-08-22 01:21:50 +0530
Processing by BookmarksController#index as HTML
  [1m[36mBookmark Load (1.0ms)[0m  [1mSELECT "bookmarks".* FROM "bookmarks"[0m
  Rendered bookmarks/index.html.erb within layouts/application (7.0ms)
Completed 200 OK in 110ms (Views: 107.0ms | ActiveRecord: 1.0ms)


Started GET "/assets/bookmarks.css?body=1" for 127.0.0.1 at 2014-08-22 01:21:50 +0530


Started GET "/assets/bootstrap.css?body=1" for 127.0.0.1 at 2014-08-22 01:21:50 +0530


Started GET "/assets/application.css?body=1" for 127.0.0.1 at 2014-08-22 01:21:50 +0530


Started GET "/assets/bookmarks.js?body=1" for 127.0.0.1 at 2014-08-22 01:21:50 +0530


Started GET "/assets/jquery.js?body=1" for 127.0.0.1 at 2014-08-22 01:21:51 +0530


Started GET "/assets/application.js?body=1" for 127.0.0.1 at 2014-08-22 01:21:51 +0530


Started GET "/assets/jquery_ujs.js?body=1" for 127.0.0.1 at 2014-08-22 01:21:51 +0530


Started GET "/assets/turbolinks.js?body=1" for 127.0.0.1 at 2014-08-22 01:21:51 +0530


Started GET "/assets/bootstrap.css.map" for 127.0.0.1 at 2014-08-22 01:21:51 +0530

ActionController::RoutingError (No route matches [GET] "/assets/bootstrap.css.map"):
  actionpack (4.1.5) lib/action_dispatch/middleware/debug_exceptions.rb:21:in `call'
  actionpack (4.1.5) lib/action_dispatch/middleware/show_exceptions.rb:30:in `call'
  railties (4.1.5) lib/rails/rack/logger.rb:38:in `call_app'
  railties (4.1.5) lib/rails/rack/logger.rb:20:in `block in call'
  activesupport (4.1.5) lib/active_support/tagged_logging.rb:68:in `block in tagged'
  activesupport (4.1.5) lib/active_support/tagged_logging.rb:26:in `tagged'
  activesupport (4.1.5) lib/active_support/tagged_logging.rb:68:in `tagged'
  railties (4.1.5) lib/rails/rack/logger.rb:20:in `call'
  actionpack (4.1.5) lib/action_dispatch/middleware/request_id.rb:21:in `call'
  rack (1.5.2) lib/rack/methodoverride.rb:21:in `call'
  rack (1.5.2) lib/rack/runtime.rb:17:in `call'
  activesupport (4.1.5) lib/active_support/cache/strategy/local_cache_middleware.rb:26:in `call'
  rack (1.5.2) lib/rack/lock.rb:17:in `call'
  actionpack (4.1.5) lib/action_dispatch/middleware/static.rb:64:in `call'
  rack (1.5.2) lib/rack/sendfile.rb:112:in `call'
  railties (4.1.5) lib/rails/engine.rb:514:in `call'
  railties (4.1.5) lib/rails/application.rb:144:in `call'
  rack (1.5.2) lib/rack/lock.rb:17:in `call'
  rack (1.5.2) lib/rack/content_length.rb:14:in `call'
  rack (1.5.2) lib/rack/handler/webrick.rb:60:in `service'
  c:/Ruby200-x64/lib/ruby/2.0.0/webrick/httpserver.rb:138:in `service'
  c:/Ruby200-x64/lib/ruby/2.0.0/webrick/httpserver.rb:94:in `run'
  c:/Ruby200-x64/lib/ruby/2.0.0/webrick/server.rb:295:in `block in start_thread'


  Rendered c:/Ruby200-x64/lib/ruby/gems/2.0.0/gems/actionpack-4.1.5/lib/action_dispatch/middleware/templates/rescues/_trace.html.erb (2.0ms)
  Rendered c:/Ruby200-x64/lib/ruby/gems/2.0.0/gems/actionpack-4.1.5/lib/action_dispatch/middleware/templates/routes/_route.html.erb (2.0ms)
  Rendered c:/Ruby200-x64/lib/ruby/gems/2.0.0/gems/actionpack-4.1.5/lib/action_dispatch/middleware/templates/routes/_table.html.erb (3.0ms)
  Rendered c:/Ruby200-x64/lib/ruby/gems/2.0.0/gems/actionpack-4.1.5/lib/action_dispatch/middleware/templates/rescues/routing_error.html.erb within rescues/layout (129.0ms)


Started GET "/bookmarks/index" for 127.0.0.1 at 2014-08-22 01:30:29 +0530
Processing by BookmarksController#index as HTML
  [1m[35mBookmark Load (1.0ms)[0m  SELECT "bookmarks".* FROM "bookmarks"
  Rendered bookmarks/index.html.erb within layouts/application (4.0ms)
Completed 200 OK in 31ms (Views: 29.0ms | ActiveRecord: 1.0ms)


Started GET "/assets/bootstrap.css?body=1" for 127.0.0.1 at 2014-08-22 01:30:29 +0530


Started GET "/assets/bookmarks.css?body=1" for 127.0.0.1 at 2014-08-22 01:30:29 +0530


Started GET "/assets/jquery.js?body=1" for 127.0.0.1 at 2014-08-22 01:30:29 +0530


Started GET "/assets/application.css?body=1" for 127.0.0.1 at 2014-08-22 01:30:29 +0530


Started GET "/assets/jquery_ujs.js?body=1" for 127.0.0.1 at 2014-08-22 01:30:29 +0530


Started GET "/assets/turbolinks.js?body=1" for 127.0.0.1 at 2014-08-22 01:30:29 +0530


Started GET "/assets/bookmarks.js?body=1" for 127.0.0.1 at 2014-08-22 01:30:29 +0530


Started GET "/assets/application.js?body=1" for 127.0.0.1 at 2014-08-22 01:30:29 +0530


Started GET "/bookmarks/index" for 127.0.0.1 at 2014-08-22 01:32:40 +0530
Processing by BookmarksController#index as HTML
  [1m[36mBookmark Load (1.0ms)[0m  [1mSELECT "bookmarks".* FROM "bookmarks"[0m
  Rendered bookmarks/index.html.erb within layouts/application (6.0ms)
Completed 200 OK in 38ms (Views: 35.0ms | ActiveRecord: 1.0ms)


Started GET "/assets/bookmarks.css?body=1" for 127.0.0.1 at 2014-08-22 01:32:40 +0530


Started GET "/assets/jquery.js?body=1" for 127.0.0.1 at 2014-08-22 01:32:40 +0530


Started GET "/assets/application.css?body=1" for 127.0.0.1 at 2014-08-22 01:32:40 +0530


Started GET "/assets/turbolinks.js?body=1" for 127.0.0.1 at 2014-08-22 01:32:41 +0530


Started GET "/assets/bootstrap.css?body=1" for 127.0.0.1 at 2014-08-22 01:32:41 +0530


Started GET "/assets/jquery_ujs.js?body=1" for 127.0.0.1 at 2014-08-22 01:32:41 +0530


Started GET "/assets/bookmarks.js?body=1" for 127.0.0.1 at 2014-08-22 01:32:41 +0530


Started GET "/assets/application.js?body=1" for 127.0.0.1 at 2014-08-22 01:32:41 +0530
